21:41:23.700 [main] INFO  testCases.TC_001_AccountRegistrationTest - ********* staring TC_001_AccountRegistrationTest ******
21:41:23.720 [main] INFO  testCases.TC_001_AccountRegistrationTest - clicking on myaccount link
21:41:23.982 [main] INFO  testCases.TC_001_AccountRegistrationTest - clicking on registration link
21:41:24.550 [main] INFO  testCases.TC_001_AccountRegistrationTest - Proving customer details
21:41:24.974 [main] INFO  testCases.TC_001_AccountRegistrationTest - clicking on continue
21:41:27.550 [main] INFO  testCases.TC_001_AccountRegistrationTest - verifying customer registration
21:41:27.550 [main] INFO  testCases.TC_001_AccountRegistrationTest - test passed..
21:41:27.551 [main] INFO  testCases.TC_001_AccountRegistrationTest - ********* finished TC_001_AccountRegistrationTest ******
22:06:17.652 [main] INFO  testCases.TC_001_AccountRegistrationTest - ********* staring TC_001_AccountRegistrationTest ******
22:06:17.671 [main] INFO  testCases.TC_001_AccountRegistrationTest - clicking on my account link
22:06:17.997 [main] INFO  testCases.TC_001_AccountRegistrationTest - clicking on registration link
22:06:18.411 [main] INFO  testCases.TC_001_AccountRegistrationTest - Proving customer details
22:06:18.993 [main] INFO  testCases.TC_001_AccountRegistrationTest - clicking on continue
22:06:21.430 [main] INFO  testCases.TC_001_AccountRegistrationTest - verifying customer registration
22:06:21.430 [main] INFO  testCases.TC_001_AccountRegistrationTest - test passed..
22:06:21.433 [main] INFO  testCases.TC_001_AccountRegistrationTest - ********* finished TC_001_AccountRegistrationTest ******
22:54:38.856 [main] INFO  testCases.TC_001_AccountRegistrationTest - ********* staring TC_001_AccountRegistrationTest ******
22:54:38.875 [main] INFO  testCases.TC_001_AccountRegistrationTest - clicking on my account link
22:54:39.166 [main] INFO  testCases.TC_001_AccountRegistrationTest - clicking on registration link
22:54:39.533 [main] INFO  testCases.TC_001_AccountRegistrationTest - Proving customer details
22:54:39.985 [main] INFO  testCases.TC_001_AccountRegistrationTest - clicking on continue
22:54:42.424 [main] INFO  testCases.TC_001_AccountRegistrationTest - verifying customer registration
22:54:42.424 [main] INFO  testCases.TC_001_AccountRegistrationTest - test passed..
22:54:42.426 [main] INFO  testCases.TC_001_AccountRegistrationTest - ********* finished TC_001_AccountRegistrationTest ******
23:00:23.349 [main] INFO  testCases.TC_001_AccountRegistrationTest - ********* staring TC_001_AccountRegistrationTest ******
23:00:23.372 [main] INFO  testCases.TC_001_AccountRegistrationTest - clicking on my account link
23:00:23.786 [main] INFO  testCases.TC_001_AccountRegistrationTest - clicking on registration link
23:00:24.175 [main] INFO  testCases.TC_001_AccountRegistrationTest - Proving customer details
23:00:24.701 [main] INFO  testCases.TC_001_AccountRegistrationTest - clicking on continue
23:00:27.146 [main] INFO  testCases.TC_001_AccountRegistrationTest - verifying customer registration
23:00:27.146 [main] INFO  testCases.TC_001_AccountRegistrationTest - test passed..
23:00:27.148 [main] INFO  testCases.TC_001_AccountRegistrationTest - ********* finished TC_001_AccountRegistrationTest ******
23:00:30.374 [main] INFO  testCases.TC_001_AccountRegistrationTest - ********* staring TC_001_AccountRegistrationTest ******
23:00:30.375 [main] INFO  testCases.TC_001_AccountRegistrationTest - clicking on my account link
23:00:30.432 [main] INFO  testCases.TC_001_AccountRegistrationTest - clicking on registration link
23:00:30.825 [main] INFO  testCases.TC_001_AccountRegistrationTest - Proving customer details
23:00:31.295 [main] INFO  testCases.TC_001_AccountRegistrationTest - clicking on continue
23:00:33.726 [main] INFO  testCases.TC_001_AccountRegistrationTest - verifying customer registration
23:00:33.726 [main] INFO  testCases.TC_001_AccountRegistrationTest - test passed..
23:00:33.726 [main] INFO  testCases.TC_001_AccountRegistrationTest - ********* finished TC_001_AccountRegistrationTest ******
23:00:52.588 [main] INFO  testCases.TC_001_AccountRegistrationTest - ********* staring TC_001_AccountRegistrationTest ******
23:00:52.608 [main] INFO  testCases.TC_001_AccountRegistrationTest - clicking on my account link
23:00:52.872 [main] INFO  testCases.TC_001_AccountRegistrationTest - clicking on registration link
23:00:53.223 [main] INFO  testCases.TC_001_AccountRegistrationTest - Proving customer details
23:00:53.739 [main] INFO  testCases.TC_001_AccountRegistrationTest - clicking on continue
23:00:56.145 [main] INFO  testCases.TC_001_AccountRegistrationTest - verifying customer registration
23:00:56.145 [main] INFO  testCases.TC_001_AccountRegistrationTest - test passed..
23:00:56.147 [main] INFO  testCases.TC_001_AccountRegistrationTest - ********* finished TC_001_AccountRegistrationTest ******
23:00:59.644 [main] INFO  testCases.TC_001_AccountRegistrationTest - ********* staring TC_001_AccountRegistrationTest ******
23:00:59.644 [main] INFO  testCases.TC_001_AccountRegistrationTest - clicking on my account link
23:00:59.712 [main] INFO  testCases.TC_001_AccountRegistrationTest - clicking on registration link
23:01:00.080 [main] INFO  testCases.TC_001_AccountRegistrationTest - Proving customer details
23:01:00.471 [main] INFO  testCases.TC_001_AccountRegistrationTest - clicking on continue
23:01:02.887 [main] INFO  testCases.TC_001_AccountRegistrationTest - verifying customer registration
23:01:02.887 [main] INFO  testCases.TC_001_AccountRegistrationTest - test passed..
23:01:02.887 [main] INFO  testCases.TC_001_AccountRegistrationTest - ********* finished TC_001_AccountRegistrationTest ******
01:17:39.360 [main] INFO  testCases.TC_001_AccountRegistrationTest - ********* staring TC_001_AccountRegistrationTest ******
01:17:39.386 [main] INFO  testCases.TC_001_AccountRegistrationTest - clicking on my account link
01:17:39.815 [main] INFO  testCases.TC_001_AccountRegistrationTest - clicking on registration link
01:17:40.616 [main] INFO  testCases.TC_001_AccountRegistrationTest - Proving customer details
01:17:41.833 [main] INFO  testCases.TC_001_AccountRegistrationTest - clicking on continue
01:17:44.744 [main] INFO  testCases.TC_001_AccountRegistrationTest - verifying customer registration
01:17:44.744 [main] INFO  testCases.TC_001_AccountRegistrationTest - test passed..
01:17:44.744 [main] INFO  testCases.TC_001_AccountRegistrationTest - ********* finished TC_001_AccountRegistrationTest ******
01:28:57.864 [main] INFO  testCases.TC_001_AccountRegistrationTest - Launching chrome browser...
01:29:00.668 [main] INFO  testCases.TC_001_AccountRegistrationTest - ********* staring TC_001_AccountRegistrationTest ******
01:29:00.690 [main] INFO  testCases.TC_001_AccountRegistrationTest - clicking on my account link
01:29:01.127 [main] INFO  testCases.TC_001_AccountRegistrationTest - clicking on registration link
01:29:01.591 [main] INFO  testCases.TC_001_AccountRegistrationTest - Proving customer details
01:29:02.246 [main] INFO  testCases.TC_001_AccountRegistrationTest - clicking on continue
01:29:04.891 [main] INFO  testCases.TC_001_AccountRegistrationTest - verifying customer registration
01:29:04.891 [main] INFO  testCases.TC_001_AccountRegistrationTest - test passed..
01:29:04.894 [main] INFO  testCases.TC_001_AccountRegistrationTest - ********* finished TC_001_AccountRegistrationTest ******
16:06:20.519 [main] INFO  testCases.TC_001_AccountRegistrationTest - Launching chrome browser...
16:06:46.449 [main] INFO  testCases.TC_001_AccountRegistrationTest - Launching chrome browser...
16:06:51.014 [main] INFO  testCases.TC_001_AccountRegistrationTest - ********* staring TC_001_AccountRegistrationTest ******
16:06:51.037 [main] INFO  testCases.TC_001_AccountRegistrationTest - clicking on my account link
16:06:51.366 [main] INFO  testCases.TC_001_AccountRegistrationTest - clicking on registration link
16:06:52.065 [main] INFO  testCases.TC_001_AccountRegistrationTest - Proving customer details
16:06:52.528 [main] INFO  testCases.TC_001_AccountRegistrationTest - clicking on continue
16:06:55.249 [main] INFO  testCases.TC_001_AccountRegistrationTest - verifying customer registration
16:06:55.249 [main] INFO  testCases.TC_001_AccountRegistrationTest - test passed..
16:06:55.251 [main] INFO  testCases.TC_001_AccountRegistrationTest - ********* finished TC_001_AccountRegistrationTest ******
16:09:14.868 [main] INFO  testCases.TC_001_AccountRegistrationTest - Launching chrome browser...
16:09:16.850 [main] INFO  testCases.TC_001_AccountRegistrationTest - ********* staring TC_001_AccountRegistrationTest ******
16:09:16.872 [main] INFO  testCases.TC_001_AccountRegistrationTest - clicking on my account link
16:09:17.135 [main] INFO  testCases.TC_001_AccountRegistrationTest - clicking on registration link
16:09:17.518 [main] INFO  testCases.TC_001_AccountRegistrationTest - Proving customer details
16:09:17.926 [main] INFO  testCases.TC_001_AccountRegistrationTest - clicking on continue
16:09:28.328 [main] INFO  testCases.TC_001_AccountRegistrationTest - verifying customer registration
16:09:28.328 [main] WARN  testCases.TC_001_AccountRegistrationTest - customer registration is not successful
16:09:28.328 [main] ERROR testCases.TC_001_AccountRegistrationTest - test failed..
19:05:32.137 [main] INFO  testCases.TC_001_AccountRegistrationTest - Launching chrome browser...
19:05:34.988 [main] INFO  testCases.TC_001_AccountRegistrationTest - ********* staring TC_001_AccountRegistrationTest ******
19:05:35.013 [main] INFO  testCases.TC_001_AccountRegistrationTest - clicking on my account link
19:05:35.457 [main] INFO  testCases.TC_001_AccountRegistrationTest - clicking on registration link
19:05:35.934 [main] INFO  testCases.TC_001_AccountRegistrationTest - Proving customer details
19:05:36.836 [main] INFO  testCases.TC_001_AccountRegistrationTest - clicking on continue
19:05:39.483 [main] INFO  testCases.TC_001_AccountRegistrationTest - verifying customer registration
19:05:39.483 [main] INFO  testCases.TC_001_AccountRegistrationTest - test passed..
19:05:39.484 [main] INFO  testCases.TC_001_AccountRegistrationTest - ********* finished TC_001_AccountRegistrationTest ******
19:05:39.726 [main] INFO  testCases.TC_002_LoginTest - Launching chrome browser...
19:05:41.646 [main] INFO  testCases.TC_002_LoginTest - Starting TC_002_LoginTest
19:05:43.425 [main] INFO  testCases.TC_002_LoginTest -  Finished TC_002_LoginTest
00:46:01.471 [main] INFO  testCases.TC_003_LoginDataDrivenTest - Launching chrome browser...
00:46:04.966 [main] INFO  testCases.TC_003_LoginDataDrivenTest -  Starting TC_003_LoginDataDrivenTest 
00:46:06.226 [main] INFO  testCases.TC_003_LoginDataDrivenTest -  Finished TC_003_LoginDataDrivenTest
00:46:06.245 [main] INFO  testCases.TC_003_LoginDataDrivenTest -  Starting TC_003_LoginDataDrivenTest 
00:46:17.000 [main] INFO  testCases.TC_003_LoginDataDrivenTest -  Finished TC_003_LoginDataDrivenTest
00:46:17.006 [main] INFO  testCases.TC_003_LoginDataDrivenTest -  Starting TC_003_LoginDataDrivenTest 
00:46:27.809 [main] INFO  testCases.TC_003_LoginDataDrivenTest -  Finished TC_003_LoginDataDrivenTest
00:46:27.809 [main] INFO  testCases.TC_003_LoginDataDrivenTest -  Starting TC_003_LoginDataDrivenTest 
00:46:38.474 [main] INFO  testCases.TC_003_LoginDataDrivenTest -  Finished TC_003_LoginDataDrivenTest
00:46:38.474 [main] INFO  testCases.TC_003_LoginDataDrivenTest -  Starting TC_003_LoginDataDrivenTest 
00:46:39.534 [main] INFO  testCases.TC_003_LoginDataDrivenTest -  Finished TC_003_LoginDataDrivenTest
01:09:21.054 [main] INFO  testCases.TC_003_LoginDataDrivenTest - Launching chrome browser...
01:09:26.107 [main] INFO  testCases.TC_003_LoginDataDrivenTest -  Starting TC_003_LoginDataDrivenTest 
01:09:27.662 [main] INFO  testCases.TC_003_LoginDataDrivenTest -  Finished TC_003_LoginDataDrivenTest
01:09:27.677 [main] INFO  testCases.TC_003_LoginDataDrivenTest -  Starting TC_003_LoginDataDrivenTest 
01:09:38.430 [main] INFO  testCases.TC_003_LoginDataDrivenTest -  Finished TC_003_LoginDataDrivenTest
01:09:38.431 [main] INFO  testCases.TC_003_LoginDataDrivenTest -  Starting TC_003_LoginDataDrivenTest 
01:09:49.173 [main] INFO  testCases.TC_003_LoginDataDrivenTest -  Finished TC_003_LoginDataDrivenTest
01:09:49.173 [main] INFO  testCases.TC_003_LoginDataDrivenTest -  Starting TC_003_LoginDataDrivenTest 
01:09:59.907 [main] INFO  testCases.TC_003_LoginDataDrivenTest -  Finished TC_003_LoginDataDrivenTest
01:09:59.907 [main] INFO  testCases.TC_003_LoginDataDrivenTest -  Starting TC_003_LoginDataDrivenTest 
01:10:01.598 [main] INFO  testCases.TC_003_LoginDataDrivenTest -  Finished TC_003_LoginDataDrivenTest
01:43:59.767 [main] INFO  testCases.TC_003_LoginDataDrivenTest - Launching chrome browser...
01:44:03.860 [main] INFO  testCases.TC_003_LoginDataDrivenTest -  Starting TC_003_LoginDataDrivenTest 
01:44:05.657 [main] INFO  testCases.TC_003_LoginDataDrivenTest -  Finished TC_003_LoginDataDrivenTest
01:44:05.688 [main] INFO  testCases.TC_003_LoginDataDrivenTest -  Starting TC_003_LoginDataDrivenTest 
01:44:17.015 [main] INFO  testCases.TC_003_LoginDataDrivenTest -  Finished TC_003_LoginDataDrivenTest
01:44:17.015 [main] INFO  testCases.TC_003_LoginDataDrivenTest -  Starting TC_003_LoginDataDrivenTest 
01:44:28.211 [main] INFO  testCases.TC_003_LoginDataDrivenTest -  Finished TC_003_LoginDataDrivenTest
01:44:28.217 [main] INFO  testCases.TC_003_LoginDataDrivenTest -  Starting TC_003_LoginDataDrivenTest 
01:44:39.616 [main] INFO  testCases.TC_003_LoginDataDrivenTest -  Finished TC_003_LoginDataDrivenTest
01:44:39.616 [main] INFO  testCases.TC_003_LoginDataDrivenTest -  Starting TC_003_LoginDataDrivenTest 
01:44:41.545 [main] INFO  testCases.TC_003_LoginDataDrivenTest -  Finished TC_003_LoginDataDrivenTest
01:56:21.032 [main] INFO  testCases.TC_003_LoginDataDrivenTest - Launching chrome browser...
01:56:25.118 [main] INFO  testCases.TC_003_LoginDataDrivenTest -  Starting TC_003_LoginDataDrivenTest 
01:56:27.113 [main] INFO  testCases.TC_003_LoginDataDrivenTest -  Finished TC_003_LoginDataDrivenTest
01:56:27.140 [main] INFO  testCases.TC_003_LoginDataDrivenTest -  Starting TC_003_LoginDataDrivenTest 
01:56:38.413 [main] INFO  testCases.TC_003_LoginDataDrivenTest -  Finished TC_003_LoginDataDrivenTest
01:56:38.416 [main] INFO  testCases.TC_003_LoginDataDrivenTest -  Starting TC_003_LoginDataDrivenTest 
01:56:49.493 [main] INFO  testCases.TC_003_LoginDataDrivenTest -  Finished TC_003_LoginDataDrivenTest
01:56:49.495 [main] INFO  testCases.TC_003_LoginDataDrivenTest -  Starting TC_003_LoginDataDrivenTest 
01:57:00.779 [main] INFO  testCases.TC_003_LoginDataDrivenTest -  Finished TC_003_LoginDataDrivenTest
01:57:00.782 [main] INFO  testCases.TC_003_LoginDataDrivenTest -  Starting TC_003_LoginDataDrivenTest 
01:57:02.516 [main] INFO  testCases.TC_003_LoginDataDrivenTest -  Finished TC_003_LoginDataDrivenTest
02:04:34.127 [main] INFO  testCases.TC_003_LoginDataDrivenTest - Launching chrome browser...
02:04:38.004 [main] INFO  testCases.TC_003_LoginDataDrivenTest -  Starting TC_003_LoginDataDrivenTest 
02:04:39.782 [main] INFO  testCases.TC_003_LoginDataDrivenTest -  Finished TC_003_LoginDataDrivenTest
02:04:39.800 [main] INFO  testCases.TC_003_LoginDataDrivenTest -  Starting TC_003_LoginDataDrivenTest 
02:04:51.177 [main] INFO  testCases.TC_003_LoginDataDrivenTest -  Finished TC_003_LoginDataDrivenTest
02:04:51.177 [main] INFO  testCases.TC_003_LoginDataDrivenTest -  Starting TC_003_LoginDataDrivenTest 
02:05:02.393 [main] INFO  testCases.TC_003_LoginDataDrivenTest -  Finished TC_003_LoginDataDrivenTest
02:05:02.395 [main] INFO  testCases.TC_003_LoginDataDrivenTest -  Starting TC_003_LoginDataDrivenTest 
02:05:13.711 [main] INFO  testCases.TC_003_LoginDataDrivenTest -  Finished TC_003_LoginDataDrivenTest
02:05:13.713 [main] INFO  testCases.TC_003_LoginDataDrivenTest -  Starting TC_003_LoginDataDrivenTest 
02:05:15.539 [main] INFO  testCases.TC_003_LoginDataDrivenTest -  Finished TC_003_LoginDataDrivenTest
02:15:07.566 [main] INFO  testCases.TC_001_AccountRegistrationTest - Launching chrome browser...
02:15:10.098 [main] INFO  testCases.TC_001_AccountRegistrationTest - ********* staring TC_001_AccountRegistrationTest ******
02:15:10.127 [main] INFO  testCases.TC_001_AccountRegistrationTest - clicking on my account link
02:15:10.548 [main] INFO  testCases.TC_001_AccountRegistrationTest - clicking on registration link
02:15:11.242 [main] INFO  testCases.TC_001_AccountRegistrationTest - Proving customer details
02:15:11.960 [main] INFO  testCases.TC_001_AccountRegistrationTest - clicking on continue
02:15:14.747 [main] INFO  testCases.TC_001_AccountRegistrationTest - verifying customer registration
02:15:14.747 [main] INFO  testCases.TC_001_AccountRegistrationTest - test passed..
02:15:14.749 [main] INFO  testCases.TC_001_AccountRegistrationTest - ********* finished TC_001_AccountRegistrationTest ******
02:15:14.959 [main] INFO  testCases.TC_002_LoginTest - Launching chrome browser...
02:15:16.761 [main] INFO  testCases.TC_002_LoginTest - Starting TC_002_LoginTest
02:15:18.418 [main] INFO  testCases.TC_002_LoginTest -  Finished TC_002_LoginTest
02:15:27.890 [main] INFO  testCases.TC_002_LoginTest - Launching chrome browser...
02:15:30.419 [main] INFO  testCases.TC_002_LoginTest - Starting TC_002_LoginTest
02:15:32.154 [main] INFO  testCases.TC_002_LoginTest -  Finished TC_002_LoginTest
02:16:06.235 [main] INFO  testCases.TC_001_AccountRegistrationTest - Launching chrome browser...
02:16:08.940 [main] INFO  testCases.TC_001_AccountRegistrationTest - ********* staring TC_001_AccountRegistrationTest ******
02:16:08.960 [main] INFO  testCases.TC_001_AccountRegistrationTest - clicking on my account link
02:16:09.404 [main] INFO  testCases.TC_001_AccountRegistrationTest - clicking on registration link
02:16:09.882 [main] INFO  testCases.TC_001_AccountRegistrationTest - Proving customer details
02:16:10.610 [main] INFO  testCases.TC_001_AccountRegistrationTest - clicking on continue
02:16:13.218 [main] INFO  testCases.TC_001_AccountRegistrationTest - verifying customer registration
02:16:13.218 [main] INFO  testCases.TC_001_AccountRegistrationTest - test passed..
02:16:13.221 [main] INFO  testCases.TC_001_AccountRegistrationTest - ********* finished TC_001_AccountRegistrationTest ******
02:16:13.407 [main] INFO  testCases.TC_002_LoginTest - Launching chrome browser...
02:16:15.209 [main] INFO  testCases.TC_002_LoginTest - Starting TC_002_LoginTest
02:16:16.948 [main] INFO  testCases.TC_002_LoginTest -  Finished TC_002_LoginTest
17:44:50.287 [main] INFO  testCases.TC_001_AccountRegistrationTest - Launching chrome browser...
17:44:53.181 [main] INFO  testCases.TC_001_AccountRegistrationTest - ********* staring TC_001_AccountRegistrationTest ******
17:44:53.197 [main] INFO  testCases.TC_001_AccountRegistrationTest - clicking on my account link
17:44:53.461 [main] INFO  testCases.TC_001_AccountRegistrationTest - clicking on registration link
17:44:53.967 [main] INFO  testCases.TC_001_AccountRegistrationTest - Proving customer details
17:44:54.434 [main] INFO  testCases.TC_001_AccountRegistrationTest - clicking on continue
17:44:57.027 [main] INFO  testCases.TC_001_AccountRegistrationTest - verifying customer registration
17:44:57.027 [main] INFO  testCases.TC_001_AccountRegistrationTest - test passed..
17:44:57.028 [main] INFO  testCases.TC_001_AccountRegistrationTest - ********* finished TC_001_AccountRegistrationTest ******
17:44:57.183 [main] INFO  testCases.TC_002_LoginTest - Launching chrome browser...
17:44:58.718 [main] INFO  testCases.TC_002_LoginTest - Starting TC_002_LoginTest
17:46:40.539 [main] INFO  testCases.TC_001_AccountRegistrationTest - Launching chrome browser...
17:46:42.487 [main] INFO  testCases.TC_001_AccountRegistrationTest - ********* staring TC_001_AccountRegistrationTest ******
17:46:42.502 [main] INFO  testCases.TC_001_AccountRegistrationTest - clicking on my account link
17:46:42.763 [main] INFO  testCases.TC_001_AccountRegistrationTest - clicking on registration link
17:46:43.121 [main] INFO  testCases.TC_001_AccountRegistrationTest - Proving customer details
17:46:43.533 [main] INFO  testCases.TC_001_AccountRegistrationTest - clicking on continue
17:46:45.929 [main] INFO  testCases.TC_001_AccountRegistrationTest - verifying customer registration
17:46:45.930 [main] INFO  testCases.TC_001_AccountRegistrationTest - test passed..
17:46:45.931 [main] INFO  testCases.TC_001_AccountRegistrationTest - ********* finished TC_001_AccountRegistrationTest ******
17:46:46.073 [main] INFO  testCases.TC_002_LoginTest - Launching chrome browser...
17:46:47.625 [main] INFO  testCases.TC_002_LoginTest - Starting TC_002_LoginTest
17:46:48.756 [main] INFO  testCases.TC_002_LoginTest -  Finished TC_002_LoginTest
18:42:25.393 [main] INFO  testCases.TC_001_AccountRegistrationTest - Launching chrome browser...
18:42:27.507 [main] INFO  testCases.TC_001_AccountRegistrationTest - ********* staring TC_001_AccountRegistrationTest ******
18:42:27.520 [main] INFO  testCases.TC_001_AccountRegistrationTest - clicking on my account link
18:42:27.787 [main] INFO  testCases.TC_001_AccountRegistrationTest - clicking on registration link
18:42:28.161 [main] INFO  testCases.TC_001_AccountRegistrationTest - Proving customer details
18:42:28.572 [main] INFO  testCases.TC_001_AccountRegistrationTest - clicking on continue
18:42:30.977 [main] INFO  testCases.TC_001_AccountRegistrationTest - verifying customer registration
18:42:30.978 [main] INFO  testCases.TC_001_AccountRegistrationTest - test passed..
18:42:30.979 [main] INFO  testCases.TC_001_AccountRegistrationTest - ********* finished TC_001_AccountRegistrationTest ******
18:42:31.127 [main] INFO  testCases.TC_002_LoginTest - Launching chrome browser...
18:42:32.723 [main] INFO  testCases.TC_002_LoginTest - Starting TC_002_LoginTest
18:42:33.988 [main] INFO  testCases.TC_002_LoginTest -  Finished TC_002_LoginTest
18:47:26.481 [main] INFO  testCases.TC_001_AccountRegistrationTest - Launching chrome browser...
18:47:28.583 [main] INFO  testCases.TC_001_AccountRegistrationTest - ********* staring TC_001_AccountRegistrationTest ******
18:47:28.596 [main] INFO  testCases.TC_001_AccountRegistrationTest - clicking on my account link
18:47:28.879 [main] INFO  testCases.TC_001_AccountRegistrationTest - clicking on registration link
18:47:29.256 [main] INFO  testCases.TC_001_AccountRegistrationTest - Proving customer details
18:47:29.697 [main] INFO  testCases.TC_001_AccountRegistrationTest - clicking on continue
18:47:32.173 [main] INFO  testCases.TC_001_AccountRegistrationTest - verifying customer registration
18:47:32.173 [main] INFO  testCases.TC_001_AccountRegistrationTest - test passed..
18:47:32.174 [main] INFO  testCases.TC_001_AccountRegistrationTest - ********* finished TC_001_AccountRegistrationTest ******
18:47:32.313 [main] INFO  testCases.TC_002_LoginTest - Launching chrome browser...
18:47:33.980 [main] INFO  testCases.TC_002_LoginTest - Starting TC_002_LoginTest
18:47:35.231 [main] INFO  testCases.TC_002_LoginTest -  Finished TC_002_LoginTest
19:46:39.660 [main] INFO  testCases.TC_001_AccountRegistrationTest - Launching chrome browser...
19:46:41.752 [main] INFO  testCases.TC_001_AccountRegistrationTest - ********* staring TC_001_AccountRegistrationTest ******
19:46:41.768 [main] INFO  testCases.TC_001_AccountRegistrationTest - clicking on my account link
19:46:42.128 [main] INFO  testCases.TC_001_AccountRegistrationTest - clicking on registration link
19:46:42.623 [main] INFO  testCases.TC_001_AccountRegistrationTest - Proving customer details
19:46:43.095 [main] INFO  testCases.TC_001_AccountRegistrationTest - clicking on continue
19:46:45.484 [main] INFO  testCases.TC_001_AccountRegistrationTest - verifying customer registration
19:46:45.484 [main] INFO  testCases.TC_001_AccountRegistrationTest - test passed..
19:46:45.486 [main] INFO  testCases.TC_001_AccountRegistrationTest - ********* finished TC_001_AccountRegistrationTest ******
19:46:45.632 [main] INFO  testCases.TC_002_LoginTest - Launching chrome browser...
19:46:47.255 [main] INFO  testCases.TC_002_LoginTest - Starting TC_002_LoginTest
19:46:48.511 [main] INFO  testCases.TC_002_LoginTest -  Finished TC_002_LoginTest
19:54:57.749 [main] INFO  testCases.TC_001_AccountRegistrationTest - Launching chrome browser...
19:54:59.927 [main] INFO  testCases.TC_001_AccountRegistrationTest - ********* staring TC_001_AccountRegistrationTest ******
19:54:59.943 [main] INFO  testCases.TC_001_AccountRegistrationTest - clicking on my account link
19:55:00.228 [main] INFO  testCases.TC_001_AccountRegistrationTest - clicking on registration link
19:55:00.603 [main] INFO  testCases.TC_001_AccountRegistrationTest - Proving customer details
19:55:01.100 [main] INFO  testCases.TC_001_AccountRegistrationTest - clicking on continue
19:55:03.510 [main] INFO  testCases.TC_001_AccountRegistrationTest - verifying customer registration
19:55:03.510 [main] INFO  testCases.TC_001_AccountRegistrationTest - test passed..
19:55:03.513 [main] INFO  testCases.TC_001_AccountRegistrationTest - ********* finished TC_001_AccountRegistrationTest ******
19:55:03.643 [main] INFO  testCases.TC_002_LoginTest - Launching chrome browser...
19:55:05.128 [main] INFO  testCases.TC_002_LoginTest - Starting TC_002_LoginTest
19:55:06.304 [main] INFO  testCases.TC_002_LoginTest -  Finished TC_002_LoginTest
20:03:10.230 [main] INFO  testCases.TC_001_AccountRegistrationTest - Launching chrome browser...
20:03:12.205 [main] INFO  testCases.TC_001_AccountRegistrationTest - ********* staring TC_001_AccountRegistrationTest ******
20:03:12.221 [main] INFO  testCases.TC_001_AccountRegistrationTest - clicking on my account link
20:03:12.510 [main] INFO  testCases.TC_001_AccountRegistrationTest - clicking on registration link
20:03:12.901 [main] INFO  testCases.TC_001_AccountRegistrationTest - Proving customer details
20:03:13.337 [main] INFO  testCases.TC_001_AccountRegistrationTest - clicking on continue
20:03:15.701 [main] INFO  testCases.TC_001_AccountRegistrationTest - verifying customer registration
20:03:15.701 [main] INFO  testCases.TC_001_AccountRegistrationTest - test passed..
20:03:15.718 [main] INFO  testCases.TC_001_AccountRegistrationTest - ********* finished TC_001_AccountRegistrationTest ******
20:03:15.859 [main] INFO  testCases.TC_002_LoginTest - Launching chrome browser...
20:03:17.480 [main] INFO  testCases.TC_002_LoginTest - Starting TC_002_LoginTest
20:03:18.648 [main] INFO  testCases.TC_002_LoginTest -  Finished TC_002_LoginTest
20:03:34.269 [main] INFO  testCases.TC_001_AccountRegistrationTest - Launching chrome browser...
20:03:36.273 [main] INFO  testCases.TC_001_AccountRegistrationTest - ********* staring TC_001_AccountRegistrationTest ******
20:03:36.294 [main] INFO  testCases.TC_001_AccountRegistrationTest - clicking on my account link
20:03:36.562 [main] INFO  testCases.TC_001_AccountRegistrationTest - clicking on registration link
20:03:36.937 [main] INFO  testCases.TC_001_AccountRegistrationTest - Proving customer details
20:03:37.383 [main] INFO  testCases.TC_001_AccountRegistrationTest - clicking on continue
20:03:39.782 [main] INFO  testCases.TC_001_AccountRegistrationTest - verifying customer registration
20:03:39.782 [main] INFO  testCases.TC_001_AccountRegistrationTest - test passed..
20:03:39.782 [main] INFO  testCases.TC_001_AccountRegistrationTest - ********* finished TC_001_AccountRegistrationTest ******
20:03:39.900 [main] INFO  testCases.TC_002_LoginTest - Launching chrome browser...
20:03:41.434 [main] INFO  testCases.TC_002_LoginTest - Starting TC_002_LoginTest
20:03:42.701 [main] INFO  testCases.TC_002_LoginTest -  Finished TC_002_LoginTest
13:12:05.465 [main] INFO  testCases.TC_001_AccountRegistrationTest - Launching chrome browser...
13:12:13.344 [main] INFO  testCases.TC_001_AccountRegistrationTest - ********* staring TC_001_AccountRegistrationTest ******
13:12:13.360 [main] INFO  testCases.TC_001_AccountRegistrationTest - clicking on my account link
13:12:13.512 [main] INFO  testCases.TC_001_AccountRegistrationTest - clicking on registration link
13:12:14.313 [main] INFO  testCases.TC_001_AccountRegistrationTest - Proving customer details
13:12:15.044 [main] INFO  testCases.TC_001_AccountRegistrationTest - clicking on continue
13:12:17.846 [main] INFO  testCases.TC_001_AccountRegistrationTest - verifying customer registration
13:12:17.846 [main] INFO  testCases.TC_001_AccountRegistrationTest - test passed..
13:12:17.846 [main] INFO  testCases.TC_001_AccountRegistrationTest - ********* finished TC_001_AccountRegistrationTest ******
13:12:18.001 [main] INFO  testCases.TC_002_LoginTest - Launching chrome browser...
13:12:20.195 [main] INFO  testCases.TC_002_LoginTest - Starting TC_002_LoginTest
13:12:21.825 [main] INFO  testCases.TC_002_LoginTest -  Finished TC_002_LoginTest
13:12:39.360 [main] INFO  testCases.TC_001_AccountRegistrationTest - Launching chrome browser...
13:12:42.069 [main] INFO  testCases.TC_001_AccountRegistrationTest - ********* staring TC_001_AccountRegistrationTest ******
13:12:42.096 [main] INFO  testCases.TC_001_AccountRegistrationTest - clicking on my account link
13:12:42.394 [main] INFO  testCases.TC_001_AccountRegistrationTest - clicking on registration link
13:12:42.850 [main] INFO  testCases.TC_001_AccountRegistrationTest - Proving customer details
13:12:43.524 [main] INFO  testCases.TC_001_AccountRegistrationTest - clicking on continue
13:12:46.057 [main] INFO  testCases.TC_001_AccountRegistrationTest - verifying customer registration
13:12:46.057 [main] INFO  testCases.TC_001_AccountRegistrationTest - test passed..
13:12:46.058 [main] INFO  testCases.TC_001_AccountRegistrationTest - ********* finished TC_001_AccountRegistrationTest ******
13:12:46.228 [main] INFO  testCases.TC_002_LoginTest - Launching chrome browser...
13:12:48.255 [main] INFO  testCases.TC_002_LoginTest - Starting TC_002_LoginTest
13:12:49.673 [main] INFO  testCases.TC_002_LoginTest -  Finished TC_002_LoginTest
